<?xml version="1.0" encoding="UTF-8"?>
<testng-results skipped="0" failed="0" ignored="0" total="0" passed="0">
  <reporter-output>
  </reporter-output>
  <suite name="tests.BaseTest" duration-ms="23" started-at="2021-08-20T13:19:54 IST" finished-at="2021-08-20T13:19:54 IST">
    <groups>
    </groups>
    <test name="Command line test" duration-ms="23" started-at="2021-08-20T13:19:54 IST" finished-at="2021-08-20T13:19:54 IST">
    </test> <!-- Command line test -->
  </suite> <!-- tests.BaseTest -->
</testng-results>
